{
  "RSpec": {
    "coverage": {
      "/Users/Tara/Projects/tech-test/checkout/spec/checkout_spec.rb": [
        1,
        1,
        null,
        1,
        null,
        1,
        1,
        1,
        1,
        0,
        null,
        null,
        null,
        null
      ],
      "/Users/Tara/Projects/tech-test/checkout/lib/checkout.rb": [
        1,
        null,
        1,
        1,
        1,
        null,
        null,
        null
      ]
    },
    "timestamp": 1566156114
  }
}
